2025-05-26 21:35:22.910  INFO [main] --- [c.e.asweprj.demo.DemoApplication] Starting DemoApplication using Java 21.0.7 with PID 16912 (C:\Users\DELL\Documents\GitHub\Resource-Time-Management-Platform\demo\target\classes started by DELL in C:\Users\DELL\Documents\GitHub\Resource-Time-Management-Platform)
2025-05-26 21:35:22.914  INFO [main] --- [c.e.asweprj.demo.DemoApplication] No active profile set, falling back to 1 default profile: "default"
2025-05-26 21:35:24.047  INFO [main] --- [o.s.d.r.c.RepositoryConfigurationDelegate] Bootstrapping Spring Data JPA repositories in DEFAULT mode.
2025-05-26 21:35:24.160  INFO [main] --- [o.s.d.r.c.RepositoryConfigurationDelegate] Finished Spring Data repository scanning in 99 ms. Found 8 JPA repository interfaces.
2025-05-26 21:35:25.384  INFO [main] --- [o.s.b.w.e.tomcat.TomcatWebServer] Tomcat initialized with port 8081 (http)
2025-05-26 21:35:25.403  INFO [main] --- [o.a.coyote.http11.Http11NioProtocol] Initializing ProtocolHandler ["http-nio-8081"]
2025-05-26 21:35:25.409  INFO [main] --- [o.a.catalina.core.StandardService] Starting service [Tomcat]
2025-05-26 21:35:25.409  INFO [main] --- [o.a.catalina.core.StandardEngine] Starting Servlet engine: [Apache Tomcat/10.1.39]
2025-05-26 21:35:25.485  INFO [main] --- [o.a.c.c.C.[Tomcat].[localhost].[/]] Initializing Spring embedded WebApplicationContext
2025-05-26 21:35:25.487  INFO [main] --- [o.s.b.w.s.c.ServletWebServerApplicationContext] Root WebApplicationContext: initialization completed in 2502 ms
2025-05-26 21:35:25.839  INFO [main] --- [o.h.jpa.internal.util.LogHelper] HHH000204: Processing PersistenceUnitInfo [name: default]
2025-05-26 21:35:25.929  INFO [main] --- [org.hibernate.Version] HHH000412: Hibernate ORM core version 6.5.3.Final
2025-05-26 21:35:26.000  INFO [main] --- [o.h.c.i.RegionFactoryInitiator] HHH000026: Second-level cache disabled
2025-05-26 21:35:26.326  INFO [main] --- [o.s.o.j.p.SpringPersistenceUnitInfo] No LoadTimeWeaver setup: ignoring JPA class transformer
2025-05-26 21:35:26.367  INFO [main] --- [com.zaxxer.hikari.HikariDataSource] HikariPool-1 - Starting...
2025-05-26 21:35:26.563  INFO [main] --- [com.zaxxer.hikari.pool.HikariPool] HikariPool-1 - Added connection com.mysql.cj.jdbc.ConnectionImpl@340c57e0
2025-05-26 21:35:26.566  INFO [main] --- [com.zaxxer.hikari.HikariDataSource] HikariPool-1 - Start completed.
2025-05-26 21:35:26.640  WARN [main] --- [org.hibernate.dialect.Dialect] HHH000511: The 5.5.5 version for [org.hibernate.dialect.MySQLDialect] is no longer supported, hence certain features may not work properly. The minimum supported version is 8.0.0. Check the community dialects project for available legacy versions.
2025-05-26 21:35:27.684  INFO [main] --- [o.h.e.t.j.p.i.JtaPlatformInitiator] HHH000489: No JTA platform available (set 'hibernate.transaction.jta.platform' to enable JTA platform integration)
2025-05-26 21:35:27.833  INFO [main] --- [o.s.o.j.LocalContainerEntityManagerFactoryBean] Initialized JPA EntityManagerFactory for persistence unit 'default'
2025-05-26 21:35:28.851  WARN [main] --- [o.s.b.a.o.j.JpaBaseConfiguration$JpaWebConfiguration] spring.jpa.open-in-view is enabled by default. Therefore, database queries may be performed during view rendering. Explicitly configure spring.jpa.open-in-view to disable this warning
2025-05-26 21:35:28.917  WARN [main] --- [o.s.b.a.s.s.UserDetailsServiceAutoConfiguration] 

Using generated security password: f9dc22c8-2211-4168-94db-dc69c41c1cf4

This generated password is for development use only. Your security configuration must be updated before running your application in production.

2025-05-26 21:35:28.945  INFO [main] --- [o.s.s.c.a.a.c.InitializeUserDetailsBeanManagerConfigurer$InitializeUserDetailsManagerConfigurer] Global AuthenticationManager configured with UserDetailsService bean with name inMemoryUserDetailsManager
2025-05-26 21:35:29.753  INFO [main] --- [o.a.coyote.http11.Http11NioProtocol] Starting ProtocolHandler ["http-nio-8081"]
2025-05-26 21:35:29.778  INFO [main] --- [o.s.b.w.e.tomcat.TomcatWebServer] Tomcat started on port 8081 (http) with context path '/'
2025-05-26 21:35:29.796  INFO [main] --- [c.e.asweprj.demo.DemoApplication] Started DemoApplication in 7.586 seconds (process running for 8.055)
2025-05-26 21:35:42.816  INFO [http-nio-8081-exec-1] --- [o.a.c.c.C.[Tomcat].[localhost].[/]] Initializing Spring DispatcherServlet 'dispatcherServlet'
2025-05-26 21:35:42.817  INFO [http-nio-8081-exec-1] --- [o.s.web.servlet.DispatcherServlet] Initializing Servlet 'dispatcherServlet'
2025-05-26 21:35:42.818  INFO [http-nio-8081-exec-1] --- [o.s.web.servlet.DispatcherServlet] Completed initialization in 1 ms
2025-05-26 21:35:42.903  INFO [http-nio-8081-exec-1] --- [c.e.a.d.aspects.AuditLoggingAspect] User anonymousUser executed method showLoginForm with parameters [{}]
2025-05-26 21:35:42.903  INFO [http-nio-8081-exec-1] --- [c.e.a.d.aspects.AuditLoggingAspect] User anonymousUser executed method showLoginForm with parameters [{}]
2025-05-26 21:35:58.070  INFO [http-nio-8081-exec-3] --- [c.e.a.d.aspects.AuditLoggingAspect] User anonymousUser executed method login with parameters [User(userId=null, name=null, email=omar@manager.com, role=null, password=0000), org.apache.catalina.session.StandardSessionFacade@484439d3, {user=User(userId=null, name=null, email=omar@manager.com, role=null, password=0000), org.springframework.validation.BindingResult.user=org.springframework.validation.BeanPropertyBindingResult: 0 errors}]
2025-05-26 21:35:58.070  INFO [http-nio-8081-exec-3] --- [c.e.a.d.aspects.AuditLoggingAspect] User anonymousUser executed method login with parameters [User(userId=null, name=null, email=omar@manager.com, role=null, password=0000), org.apache.catalina.session.StandardSessionFacade@484439d3, {user=User(userId=null, name=null, email=omar@manager.com, role=null, password=0000), org.springframework.validation.BindingResult.user=org.springframework.validation.BeanPropertyBindingResult: 0 errors}]
2025-05-26 21:35:58.490  INFO [http-nio-8081-exec-3] --- [c.e.a.d.a.PerformanceMonitoringAspect] Login method executed in 417773600 nanoseconds.
2025-05-26 21:35:58.490  INFO [http-nio-8081-exec-3] --- [c.e.a.d.a.PerformanceMonitoringAspect] Login method executed in 417773600 nanoseconds.
2025-05-26 21:35:58.512  INFO [http-nio-8081-exec-4] --- [c.e.a.d.aspects.AuditLoggingAspect] User anonymousUser executed method showManagerDashboard with parameters [{}, org.apache.catalina.session.StandardSessionFacade@484439d3]
2025-05-26 21:35:58.512  INFO [http-nio-8081-exec-4] --- [c.e.a.d.aspects.AuditLoggingAspect] User anonymousUser executed method showManagerDashboard with parameters [{}, org.apache.catalina.session.StandardSessionFacade@484439d3]
2025-05-26 21:36:01.725  INFO [http-nio-8081-exec-8] --- [c.e.a.d.aspects.AuditLoggingAspect] User anonymousUser executed method logout with parameters [org.apache.catalina.session.StandardSessionFacade@484439d3]
2025-05-26 21:36:01.725  INFO [http-nio-8081-exec-8] --- [c.e.a.d.aspects.AuditLoggingAspect] User anonymousUser executed method logout with parameters [org.apache.catalina.session.StandardSessionFacade@484439d3]
2025-05-26 21:36:01.726  INFO [http-nio-8081-exec-8] --- [c.e.a.d.a.PerformanceMonitoringAspect] Logout method executed in 215300 nanoseconds.
2025-05-26 21:36:01.726  INFO [http-nio-8081-exec-8] --- [c.e.a.d.a.PerformanceMonitoringAspect] Logout method executed in 215300 nanoseconds.
2025-05-26 21:36:01.735  INFO [http-nio-8081-exec-9] --- [c.e.a.d.aspects.AuditLoggingAspect] User anonymousUser executed method showLoginForm with parameters [{}]
2025-05-26 21:36:01.735  INFO [http-nio-8081-exec-9] --- [c.e.a.d.aspects.AuditLoggingAspect] User anonymousUser executed method showLoginForm with parameters [{}]
2025-05-26 21:37:51.610  INFO [main] --- [c.e.asweprj.demo.DemoApplication] Starting DemoApplication using Java 21.0.7 with PID 2576 (C:\Users\DELL\Documents\GitHub\Resource-Time-Management-Platform\demo\target\classes started by DELL in C:\Users\DELL\Documents\GitHub\Resource-Time-Management-Platform)
2025-05-26 21:37:51.614  INFO [main] --- [c.e.asweprj.demo.DemoApplication] No active profile set, falling back to 1 default profile: "default"
2025-05-26 21:37:52.514  INFO [main] --- [o.s.d.r.c.RepositoryConfigurationDelegate] Bootstrapping Spring Data JPA repositories in DEFAULT mode.
2025-05-26 21:37:52.636  INFO [main] --- [o.s.d.r.c.RepositoryConfigurationDelegate] Finished Spring Data repository scanning in 110 ms. Found 8 JPA repository interfaces.
2025-05-26 21:37:53.682  INFO [main] --- [o.s.b.w.e.tomcat.TomcatWebServer] Tomcat initialized with port 8081 (http)
2025-05-26 21:37:53.694  INFO [main] --- [o.a.coyote.http11.Http11NioProtocol] Initializing ProtocolHandler ["http-nio-8081"]
2025-05-26 21:37:53.698  INFO [main] --- [o.a.catalina.core.StandardService] Starting service [Tomcat]
2025-05-26 21:37:53.699  INFO [main] --- [o.a.catalina.core.StandardEngine] Starting Servlet engine: [Apache Tomcat/10.1.39]
2025-05-26 21:37:53.774  INFO [main] --- [o.a.c.c.C.[Tomcat].[localhost].[/]] Initializing Spring embedded WebApplicationContext
2025-05-26 21:37:53.776  INFO [main] --- [o.s.b.w.s.c.ServletWebServerApplicationContext] Root WebApplicationContext: initialization completed in 2067 ms
2025-05-26 21:37:54.009  INFO [main] --- [o.h.jpa.internal.util.LogHelper] HHH000204: Processing PersistenceUnitInfo [name: default]
2025-05-26 21:37:54.087  INFO [main] --- [org.hibernate.Version] HHH000412: Hibernate ORM core version 6.5.3.Final
2025-05-26 21:37:54.143  INFO [main] --- [o.h.c.i.RegionFactoryInitiator] HHH000026: Second-level cache disabled
2025-05-26 21:37:54.464  INFO [main] --- [o.s.o.j.p.SpringPersistenceUnitInfo] No LoadTimeWeaver setup: ignoring JPA class transformer
2025-05-26 21:37:54.507  INFO [main] --- [com.zaxxer.hikari.HikariDataSource] HikariPool-1 - Starting...
2025-05-26 21:37:54.733  INFO [main] --- [com.zaxxer.hikari.pool.HikariPool] HikariPool-1 - Added connection com.mysql.cj.jdbc.ConnectionImpl@7d126083
2025-05-26 21:37:54.736  INFO [main] --- [com.zaxxer.hikari.HikariDataSource] HikariPool-1 - Start completed.
2025-05-26 21:37:54.808  WARN [main] --- [org.hibernate.dialect.Dialect] HHH000511: The 5.5.5 version for [org.hibernate.dialect.MySQLDialect] is no longer supported, hence certain features may not work properly. The minimum supported version is 8.0.0. Check the community dialects project for available legacy versions.
2025-05-26 21:37:55.949  INFO [main] --- [o.h.e.t.j.p.i.JtaPlatformInitiator] HHH000489: No JTA platform available (set 'hibernate.transaction.jta.platform' to enable JTA platform integration)
2025-05-26 21:37:56.103  INFO [main] --- [o.s.o.j.LocalContainerEntityManagerFactoryBean] Initialized JPA EntityManagerFactory for persistence unit 'default'
2025-05-26 21:37:57.004  WARN [main] --- [o.s.b.a.o.j.JpaBaseConfiguration$JpaWebConfiguration] spring.jpa.open-in-view is enabled by default. Therefore, database queries may be performed during view rendering. Explicitly configure spring.jpa.open-in-view to disable this warning
2025-05-26 21:37:57.067  WARN [main] --- [o.s.b.a.s.s.UserDetailsServiceAutoConfiguration] 

Using generated security password: 48472c2a-4ad6-4948-859c-a9546614d620

This generated password is for development use only. Your security configuration must be updated before running your application in production.

2025-05-26 21:37:57.094  INFO [main] --- [o.s.s.c.a.a.c.InitializeUserDetailsBeanManagerConfigurer$InitializeUserDetailsManagerConfigurer] Global AuthenticationManager configured with UserDetailsService bean with name inMemoryUserDetailsManager
2025-05-26 21:37:57.865  INFO [main] --- [o.a.coyote.http11.Http11NioProtocol] Starting ProtocolHandler ["http-nio-8081"]
2025-05-26 21:37:57.899  INFO [main] --- [o.s.b.w.e.tomcat.TomcatWebServer] Tomcat started on port 8081 (http) with context path '/'
2025-05-26 21:37:57.911  INFO [main] --- [c.e.asweprj.demo.DemoApplication] Started DemoApplication in 6.995 seconds (process running for 7.433)
2025-05-26 21:38:03.160  INFO [http-nio-8081-exec-1] --- [o.a.c.c.C.[Tomcat].[localhost].[/]] Initializing Spring DispatcherServlet 'dispatcherServlet'
2025-05-26 21:38:03.161  INFO [http-nio-8081-exec-1] --- [o.s.web.servlet.DispatcherServlet] Initializing Servlet 'dispatcherServlet'
2025-05-26 21:38:03.163  INFO [http-nio-8081-exec-1] --- [o.s.web.servlet.DispatcherServlet] Completed initialization in 2 ms
2025-05-26 21:38:03.236  INFO [http-nio-8081-exec-1] --- [c.e.a.d.aspects.AuditLoggingAspect] User anonymousUser executed method showLoginForm with parameters [{}]
2025-05-26 21:38:03.236  INFO [http-nio-8081-exec-1] --- [c.e.a.d.aspects.AuditLoggingAspect] User anonymousUser executed method showLoginForm with parameters [{}]
2025-05-26 21:38:19.799  INFO [http-nio-8081-exec-3] --- [c.e.a.d.aspects.AuditLoggingAspect] User anonymousUser executed method login with parameters [User(userId=null, name=null, email=omar@manager.com, role=null, password=0000), org.apache.catalina.session.StandardSessionFacade@2f7ec68a, {user=User(userId=null, name=null, email=omar@manager.com, role=null, password=0000), org.springframework.validation.BindingResult.user=org.springframework.validation.BeanPropertyBindingResult: 0 errors}]
2025-05-26 21:38:19.799  INFO [http-nio-8081-exec-3] --- [c.e.a.d.aspects.AuditLoggingAspect] User anonymousUser executed method login with parameters [User(userId=null, name=null, email=omar@manager.com, role=null, password=0000), org.apache.catalina.session.StandardSessionFacade@2f7ec68a, {user=User(userId=null, name=null, email=omar@manager.com, role=null, password=0000), org.springframework.validation.BindingResult.user=org.springframework.validation.BeanPropertyBindingResult: 0 errors}]
2025-05-26 21:38:20.284  INFO [http-nio-8081-exec-3] --- [c.e.a.d.a.PerformanceMonitoringAspect] Login method executed in 483609800 nanoseconds.
2025-05-26 21:38:20.284  INFO [http-nio-8081-exec-3] --- [c.e.a.d.a.PerformanceMonitoringAspect] Login method executed in 483609800 nanoseconds.
2025-05-26 21:38:20.313  INFO [http-nio-8081-exec-4] --- [c.e.a.d.aspects.AuditLoggingAspect] User anonymousUser executed method showManagerDashboard with parameters [{}, org.apache.catalina.session.StandardSessionFacade@2f7ec68a]
2025-05-26 21:38:20.313  INFO [http-nio-8081-exec-4] --- [c.e.a.d.aspects.AuditLoggingAspect] User anonymousUser executed method showManagerDashboard with parameters [{}, org.apache.catalina.session.StandardSessionFacade@2f7ec68a]
2025-05-26 21:38:22.903  INFO [http-nio-8081-exec-6] --- [c.e.a.d.aspects.AuditLoggingAspect] User anonymousUser executed method logout with parameters [org.apache.catalina.session.StandardSessionFacade@2f7ec68a]
2025-05-26 21:38:22.903  INFO [http-nio-8081-exec-6] --- [c.e.a.d.aspects.AuditLoggingAspect] User anonymousUser executed method logout with parameters [org.apache.catalina.session.StandardSessionFacade@2f7ec68a]
2025-05-26 21:38:22.905  INFO [http-nio-8081-exec-6] --- [c.e.a.d.a.PerformanceMonitoringAspect] Logout method executed in 380100 nanoseconds.
2025-05-26 21:38:22.905  INFO [http-nio-8081-exec-6] --- [c.e.a.d.a.PerformanceMonitoringAspect] Logout method executed in 380100 nanoseconds.
2025-05-26 21:38:22.918  INFO [http-nio-8081-exec-7] --- [c.e.a.d.aspects.AuditLoggingAspect] User anonymousUser executed method showLoginForm with parameters [{}]
2025-05-26 21:38:22.918  INFO [http-nio-8081-exec-7] --- [c.e.a.d.aspects.AuditLoggingAspect] User anonymousUser executed method showLoginForm with parameters [{}]
2025-05-26 21:44:56 [INFO ] [com.example.asweprj.demo.DemoApplication] - Starting DemoApplication using Java 21.0.7 with PID 20588 (C:\Users\DELL\Documents\GitHub\Resource-Time-Management-Platform\demo\target\classes started by DELL in C:\Users\DELL\Documents\GitHub\Resource-Time-Management-Platform)
2025-05-26 21:44:56 [INFO ] [com.example.asweprj.demo.DemoApplication] - No active profile set, falling back to 1 default profile: "default"
2025-05-26 21:44:57 [INFO ] [org.springframework.data.repository.config.RepositoryConfigurationDelegate] - Bootstrapping Spring Data JPA repositories in DEFAULT mode.
2025-05-26 21:44:57 [INFO ] [org.springframework.data.repository.config.RepositoryConfigurationDelegate] - Finished Spring Data repository scanning in 89 ms. Found 8 JPA repository interfaces.
2025-05-26 21:44:58 [INFO ] [org.springframework.boot.web.embedded.tomcat.TomcatWebServer] - Tomcat initialized with port 8081 (http)
2025-05-26 21:44:58 [INFO ] [org.apache.coyote.http11.Http11NioProtocol] - Initializing ProtocolHandler ["http-nio-8081"]
2025-05-26 21:44:58 [INFO ] [org.apache.catalina.core.StandardService] - Starting service [Tomcat]
2025-05-26 21:44:58 [INFO ] [org.apache.catalina.core.StandardEngine] - Starting Servlet engine: [Apache Tomcat/10.1.39]
2025-05-26 21:44:58 [INFO ] [org.apache.catalina.core.ContainerBase.[Tomcat].[localhost].[/]] - Initializing Spring embedded WebApplicationContext
2025-05-26 21:44:58 [INFO ] [org.springframework.boot.web.servlet.context.ServletWebServerApplicationContext] - Root WebApplicationContext: initialization completed in 1978 ms
2025-05-26 21:44:59 [INFO ] [org.hibernate.jpa.internal.util.LogHelper] - HHH000204: Processing PersistenceUnitInfo [name: default]
2025-05-26 21:44:59 [INFO ] [org.hibernate.Version] - HHH000412: Hibernate ORM core version 6.5.3.Final
2025-05-26 21:44:59 [INFO ] [org.hibernate.cache.internal.RegionFactoryInitiator] - HHH000026: Second-level cache disabled
2025-05-26 21:44:59 [INFO ] [org.springframework.orm.jpa.persistenceunit.SpringPersistenceUnitInfo] - No LoadTimeWeaver setup: ignoring JPA class transformer
2025-05-26 21:44:59 [INFO ] [com.zaxxer.hikari.HikariDataSource] - HikariPool-1 - Starting...
2025-05-26 21:44:59 [INFO ] [com.zaxxer.hikari.pool.HikariPool] - HikariPool-1 - Added connection com.mysql.cj.jdbc.ConnectionImpl@1acc873b
2025-05-26 21:44:59 [INFO ] [com.zaxxer.hikari.HikariDataSource] - HikariPool-1 - Start completed.
2025-05-26 21:44:59 [WARN ] [org.hibernate.dialect.Dialect] - HHH000511: The 5.5.5 version for [org.hibernate.dialect.MySQLDialect] is no longer supported, hence certain features may not work properly. The minimum supported version is 8.0.0. Check the community dialects project for available legacy versions.
2025-05-26 21:45:00 [INFO ] [org.hibernate.engine.transaction.jta.platform.internal.JtaPlatformInitiator] - HHH000489: No JTA platform available (set 'hibernate.transaction.jta.platform' to enable JTA platform integration)
2025-05-26 21:45:01 [INFO ] [org.springframework.orm.jpa.LocalContainerEntityManagerFactoryBean] - Initialized JPA EntityManagerFactory for persistence unit 'default'
2025-05-26 21:45:02 [WARN ] [org.springframework.boot.autoconfigure.orm.jpa.JpaBaseConfiguration$JpaWebConfiguration] - spring.jpa.open-in-view is enabled by default. Therefore, database queries may be performed during view rendering. Explicitly configure spring.jpa.open-in-view to disable this warning
2025-05-26 21:45:02 [WARN ] [org.springframework.boot.autoconfigure.security.servlet.UserDetailsServiceAutoConfiguration] - 

Using generated security password: 01f9cde4-0ca6-4d63-b5cd-41a8510b29a1

This generated password is for development use only. Your security configuration must be updated before running your application in production.

2025-05-26 21:45:02 [INFO ] [org.springframework.security.config.annotation.authentication.configuration.InitializeUserDetailsBeanManagerConfigurer$InitializeUserDetailsManagerConfigurer] - Global AuthenticationManager configured with UserDetailsService bean with name inMemoryUserDetailsManager
2025-05-26 21:45:02 [INFO ] [org.apache.coyote.http11.Http11NioProtocol] - Starting ProtocolHandler ["http-nio-8081"]
2025-05-26 21:45:02 [INFO ] [org.springframework.boot.web.embedded.tomcat.TomcatWebServer] - Tomcat started on port 8081 (http) with context path '/'
2025-05-26 21:45:02 [INFO ] [com.example.asweprj.demo.DemoApplication] - Started DemoApplication in 6.861 seconds (process running for 7.288)
2025-05-26 21:45:18 [INFO ] [com.example.asweprj.demo.DemoApplication] - Starting DemoApplication using Java 21.0.7 with PID 21840 (C:\Users\DELL\Documents\GitHub\Resource-Time-Management-Platform\demo\target\classes started by DELL in C:\Users\DELL\Documents\GitHub\Resource-Time-Management-Platform)
2025-05-26 21:45:18 [INFO ] [com.example.asweprj.demo.DemoApplication] - No active profile set, falling back to 1 default profile: "default"
2025-05-26 21:45:19 [INFO ] [org.springframework.data.repository.config.RepositoryConfigurationDelegate] - Bootstrapping Spring Data JPA repositories in DEFAULT mode.
2025-05-26 21:45:19 [INFO ] [org.springframework.data.repository.config.RepositoryConfigurationDelegate] - Finished Spring Data repository scanning in 159 ms. Found 8 JPA repository interfaces.
2025-05-26 21:45:20 [INFO ] [org.springframework.boot.web.embedded.tomcat.TomcatWebServer] - Tomcat initialized with port 8081 (http)
2025-05-26 21:45:20 [INFO ] [org.apache.coyote.http11.Http11NioProtocol] - Initializing ProtocolHandler ["http-nio-8081"]
2025-05-26 21:45:20 [INFO ] [org.apache.catalina.core.StandardService] - Starting service [Tomcat]
2025-05-26 21:45:20 [INFO ] [org.apache.catalina.core.StandardEngine] - Starting Servlet engine: [Apache Tomcat/10.1.39]
2025-05-26 21:45:20 [INFO ] [org.apache.catalina.core.ContainerBase.[Tomcat].[localhost].[/]] - Initializing Spring embedded WebApplicationContext
2025-05-26 21:45:20 [INFO ] [org.springframework.boot.web.servlet.context.ServletWebServerApplicationContext] - Root WebApplicationContext: initialization completed in 2198 ms
2025-05-26 21:45:20 [INFO ] [org.hibernate.jpa.internal.util.LogHelper] - HHH000204: Processing PersistenceUnitInfo [name: default]
2025-05-26 21:45:20 [INFO ] [org.hibernate.Version] - HHH000412: Hibernate ORM core version 6.5.3.Final
2025-05-26 21:45:20 [INFO ] [org.hibernate.cache.internal.RegionFactoryInitiator] - HHH000026: Second-level cache disabled
2025-05-26 21:45:21 [INFO ] [org.springframework.orm.jpa.persistenceunit.SpringPersistenceUnitInfo] - No LoadTimeWeaver setup: ignoring JPA class transformer
2025-05-26 21:45:21 [INFO ] [com.zaxxer.hikari.HikariDataSource] - HikariPool-1 - Starting...
2025-05-26 21:45:21 [INFO ] [com.zaxxer.hikari.pool.HikariPool] - HikariPool-1 - Added connection com.mysql.cj.jdbc.ConnectionImpl@4b09d1c3
2025-05-26 21:45:21 [INFO ] [com.zaxxer.hikari.HikariDataSource] - HikariPool-1 - Start completed.
2025-05-26 21:45:21 [WARN ] [org.hibernate.dialect.Dialect] - HHH000511: The 5.5.5 version for [org.hibernate.dialect.MySQLDialect] is no longer supported, hence certain features may not work properly. The minimum supported version is 8.0.0. Check the community dialects project for available legacy versions.
2025-05-26 21:45:22 [INFO ] [org.hibernate.engine.transaction.jta.platform.internal.JtaPlatformInitiator] - HHH000489: No JTA platform available (set 'hibernate.transaction.jta.platform' to enable JTA platform integration)
2025-05-26 21:45:22 [INFO ] [org.springframework.orm.jpa.LocalContainerEntityManagerFactoryBean] - Initialized JPA EntityManagerFactory for persistence unit 'default'
2025-05-26 21:45:23 [WARN ] [org.springframework.boot.autoconfigure.orm.jpa.JpaBaseConfiguration$JpaWebConfiguration] - spring.jpa.open-in-view is enabled by default. Therefore, database queries may be performed during view rendering. Explicitly configure spring.jpa.open-in-view to disable this warning
2025-05-26 21:45:23 [WARN ] [org.springframework.boot.autoconfigure.security.servlet.UserDetailsServiceAutoConfiguration] - 

Using generated security password: f4e4981d-1577-49fe-a4d3-12244f26cf60

This generated password is for development use only. Your security configuration must be updated before running your application in production.

2025-05-26 21:45:23 [INFO ] [org.springframework.security.config.annotation.authentication.configuration.InitializeUserDetailsBeanManagerConfigurer$InitializeUserDetailsManagerConfigurer] - Global AuthenticationManager configured with UserDetailsService bean with name inMemoryUserDetailsManager
2025-05-26 21:45:24 [INFO ] [org.apache.coyote.http11.Http11NioProtocol] - Starting ProtocolHandler ["http-nio-8081"]
2025-05-26 21:45:24 [INFO ] [org.springframework.boot.web.embedded.tomcat.TomcatWebServer] - Tomcat started on port 8081 (http) with context path '/'
2025-05-26 21:45:24 [INFO ] [com.example.asweprj.demo.DemoApplication] - Started DemoApplication in 7.073 seconds (process running for 7.494)
2025-05-26 21:45:32 [INFO ] [org.apache.catalina.core.ContainerBase.[Tomcat].[localhost].[/]] - Initializing Spring DispatcherServlet 'dispatcherServlet'
2025-05-26 21:45:32 [INFO ] [org.springframework.web.servlet.DispatcherServlet] - Initializing Servlet 'dispatcherServlet'
2025-05-26 21:45:32 [INFO ] [org.springframework.web.servlet.DispatcherServlet] - Completed initialization in 2 ms
2025-05-26 21:45:32 [INFO ] [com.example.asweprj.demo.aspects.AuditLoggingAspect] - User anonymousUser executed method showLoginForm with parameters [{}]
2025-05-26 21:45:32 [INFO ] [com.example.asweprj.demo.aspects.AuditLoggingAspect] - User anonymousUser executed method showLoginForm with parameters [{}]
2025-05-26 21:45:42 [INFO ] [com.example.asweprj.demo.aspects.AuditLoggingAspect] - User anonymousUser executed method login with parameters [User(userId=null, name=null, email=omar@emp.com, role=null, password=0000), org.apache.catalina.session.StandardSessionFacade@242a4d0, {user=User(userId=null, name=null, email=omar@emp.com, role=null, password=0000), org.springframework.validation.BindingResult.user=org.springframework.validation.BeanPropertyBindingResult: 0 errors}]
2025-05-26 21:45:42 [INFO ] [com.example.asweprj.demo.aspects.AuditLoggingAspect] - User anonymousUser executed method login with parameters [User(userId=null, name=null, email=omar@emp.com, role=null, password=0000), org.apache.catalina.session.StandardSessionFacade@242a4d0, {user=User(userId=null, name=null, email=omar@emp.com, role=null, password=0000), org.springframework.validation.BindingResult.user=org.springframework.validation.BeanPropertyBindingResult: 0 errors}]
2025-05-26 21:45:43 [INFO ] [com.example.asweprj.demo.aspects.PerformanceMonitoringAspect] - Login method executed in 440782900 nanoseconds.
2025-05-26 21:45:43 [INFO ] [com.example.asweprj.demo.aspects.PerformanceMonitoringAspect] - Login method executed in 440782900 nanoseconds.
2025-05-26 21:45:43 [INFO ] [com.example.asweprj.demo.aspects.AuditLoggingAspect] - User anonymousUser executed method showEmployeeDashboard with parameters [{}, org.apache.catalina.session.StandardSessionFacade@242a4d0]
2025-05-26 21:45:43 [INFO ] [com.example.asweprj.demo.aspects.AuditLoggingAspect] - User anonymousUser executed method showEmployeeDashboard with parameters [{}, org.apache.catalina.session.StandardSessionFacade@242a4d0]
2025-05-26 21:45:47 [INFO ] [com.example.asweprj.demo.aspects.AuditLoggingAspect] - User anonymousUser executed method getTasks with parameters [{}, org.apache.catalina.session.StandardSessionFacade@242a4d0]
2025-05-26 21:45:47 [INFO ] [com.example.asweprj.demo.aspects.AuditLoggingAspect] - User anonymousUser executed method getTasks with parameters [{}, org.apache.catalina.session.StandardSessionFacade@242a4d0]
2025-05-26 21:45:50 [INFO ] [com.example.asweprj.demo.aspects.AuditLoggingAspect] - User anonymousUser executed method showEmployeeDashboard with parameters [{}, org.apache.catalina.session.StandardSessionFacade@242a4d0]
2025-05-26 21:45:50 [INFO ] [com.example.asweprj.demo.aspects.AuditLoggingAspect] - User anonymousUser executed method showEmployeeDashboard with parameters [{}, org.apache.catalina.session.StandardSessionFacade@242a4d0]
